{"uid":"2b8503c71af92e94","name":"checkAddCommentToCard","fullName":"tests.api.KaitenApiTest.checkAddCommentToCard","historyId":"81b1a6e352ea91d6720e43966908c798","time":{"start":1753088208813,"stop":1753088208814,"duration":1},"status":"skipped","statusMessage":"Element not found {by text: Открыт полный доступ на 14 дней \uD83E\uDD29}\nExpected: visible\nScreenshot: file:/home/runner/work/KaitenQA/KaitenQA/build/reports/tests/1753088207967.0.png\nPage source: file:/home/runner/work/KaitenQA/KaitenQA/build/reports/tests/1753088207967.0.html\nTimeout: 10 s.\nCaused by: NoSuchElementException: no such element: Unable to locate element: {\"method\":\"xpath\",\"selector\":\".//*/text()[normalize-space(translate(string(.), '","statusTrace":"Element not found {by text: Открыт полный доступ на 14 дней \uD83E\uDD29}\nExpected: visible\nScreenshot: file:/home/runner/work/KaitenQA/KaitenQA/build/reports/tests/1753088207967.0.png\nPage source: file:/home/runner/work/KaitenQA/KaitenQA/build/reports/tests/1753088207967.0.html\nTimeout: 10 s.\nCaused by: NoSuchElementException: no such element: Unable to locate element: {\"method\":\"xpath\",\"selector\":\".//*/text()[normalize-space(translate(string(.), '\n\tat com.codeborne.selenide.impl.WebElementSource.createElementNotFoundError(WebElementSource.java:89)\n\tat com.codeborne.selenide.impl.ElementFinder.createElementNotFoundError(ElementFinder.java:129)\n\tat com.codeborne.selenide.impl.WebElementSource.handleError(WebElementSource.java:140)\n\tat com.codeborne.selenide.impl.WebElementSource.checkConditionAndReturnElement(WebElementSource.java:123)\n\tat com.codeborne.selenide.impl.WebElementSource.checkCondition(WebElementSource.java:99)\n\tat com.codeborne.selenide.commands.Should.execute(Should.java:24)\n\tat com.codeborne.selenide.FluentCommand.execute(FluentCommand.java:27)\n\tat com.codeborne.selenide.FluentCommand.execute(FluentCommand.java:19)\n\tat com.codeborne.selenide.commands.Commands.execute(Commands.java:160)\n\tat com.codeborne.selenide.impl.SelenideElementProxy.dispatchAndRetry(SelenideElementProxy.java:131)\n\tat com.codeborne.selenide.impl.SelenideElementProxy.invoke(SelenideElementProxy.java:83)\n\tat jdk.proxy2/jdk.proxy2.$Proxy36.shouldBe(Unknown Source)\n\tat pages.RegistrationPage.activateCompanySuccessful(RegistrationPage.java:107)\n\tat initialization.InitKaiten.registerAndActivate(InitKaiten.java:42)\n\tat initialization.Init.startInit(Init.java:36)\n\tat tests.api.BaseApiTest.loadVariables(BaseApiTest.java:28)\n\tat java.base/jdk.internal.reflect.NativeMethodAccessorImpl.invoke0(Native Method)\n\tat java.base/jdk.internal.reflect.NativeMethodAccessorImpl.invoke(NativeMethodAccessorImpl.java:77)\n\tat java.base/jdk.internal.reflect.DelegatingMethodAccessorImpl.invoke(DelegatingMethodAccessorImpl.java:43)\n\tat java.base/java.lang.reflect.Method.invoke(Method.java:569)\n\tat org.testng.internal.invokers.MethodInvocationHelper.invokeMethod(MethodInvocationHelper.java:141)\n\tat org.testng.internal.invokers.MethodInvocationHelper.invokeMethodConsideringTimeout(MethodInvocationHelper.java:71)\n\tat org.testng.internal.invokers.ConfigInvoker.invokeConfigurationMethod(ConfigInvoker.java:400)\n\tat org.testng.internal.invokers.ConfigInvoker.invokeConfigurations(ConfigInvoker.java:333)\n\tat org.testng.SuiteRunner.privateRun(SuiteRunner.java:358)\n\tat org.testng.SuiteRunner.run(SuiteRunner.java:312)\n\tat org.testng.SuiteRunnerWorker.runSuite(SuiteRunnerWorker.java:52)\n\tat org.testng.SuiteRunnerWorker.run(SuiteRunnerWorker.java:95)\n\tat org.testng.TestNG.runSuitesSequentially(TestNG.java:1274)\n\tat org.testng.TestNG.runSuitesLocally(TestNG.java:1208)\n\tat org.testng.TestNG.runSuites(TestNG.java:1112)\n\tat org.testng.TestNG.run(TestNG.java:1079)\n\tat org.apache.maven.surefire.testng.TestNGExecutor.run(TestNGExecutor.java:308)\n\tat org.apache.maven.surefire.testng.TestNGXmlTestSuite.execute(TestNGXmlTestSuite.java:71)\n\tat org.apache.maven.surefire.testng.TestNGProvider.invoke(TestNGProvider.java:113)\n\tat org.apache.maven.surefire.booter.ForkedBooter.runSuitesInProcess(ForkedBooter.java:385)\n\tat org.apache.maven.surefire.booter.ForkedBooter.execute(ForkedBooter.java:162)\n\tat org.apache.maven.surefire.booter.ForkedBooter.run(ForkedBooter.java:507)\n\tat org.apache.maven.surefire.booter.ForkedBooter.main(ForkedBooter.java:495)\nCaused by: org.openqa.selenium.NoSuchElementException: no such element: Unable to locate element: {\"method\":\"xpath\",\"selector\":\".//*/text()[normalize-space(translate(string(.), '\t\n\r             ​‌‍  ⁠　', '                       ')) = \"Открыт полный доступ на 14 дней \uD83E\uDD29\"]/parent::*\"}\n  (Session info: chrome=138.0.7204.100)\nFor documentation on this error, please visit: https://www.selenium.dev/documentation/webdriver/troubleshooting/errors#no-such-element-exception\nBuild info: version: '4.33.0', revision: '2c6aaad03a'\nSystem info: os.name: 'Linux', os.arch: 'amd64', os.version: '6.11.0-1018-azure', java.version: '17.0.16'\nDriver info: org.openqa.selenium.chrome.ChromeDriver\nCommand: [f7e9a8fa87dd2153a0fbdfd3cb4db0c4, findElement {using=xpath, value=.//*/text()[normalize-space(translate(string(.), '\t\n\r             ​‌‍  ⁠　', '                       ')) = \"Открыт полный доступ на 14 дней \uD83E\uDD29\"]/parent::*}]\nCapabilities {acceptInsecureCerts: true, browserName: chrome, browserVersion: 138.0.7204.100, chrome: {chromedriverVersion: 138.0.7204.94 (545025748884..., userDataDir: /tmp/.org.chromium.Chromium...}, fedcm:accounts: true, goog:chromeOptions: {debuggerAddress: localhost:36377}, networkConnectionEnabled: false, pageLoadStrategy: normal, platformName: linux, proxy: Proxy(), se:cdp: ws://localhost:36377/devtoo..., se:cdpVersion: 138.0.7204.100, setWindowRect: true, strictFileInteractability: false, timeouts: {implicit: 0, pageLoad: 300000, script: 30000}, unhandledPromptBehavior: accept, webauthn:extension:credBlob: true, webauthn:extension:largeBlob: true, webauthn:extension:minPinLength: true, webauthn:extension:prf: true, webauthn:virtualAuthenticators: true}\nSession ID: f7e9a8fa87dd2153a0fbdfd3cb4db0c4\n\tat jdk.internal.reflect.GeneratedConstructorAccessor30.newInstance(Unknown Source)\n\tat java.base/jdk.internal.reflect.DelegatingConstructorAccessorImpl.newInstance(DelegatingConstructorAccessorImpl.java:45)\n\tat java.base/java.lang.reflect.Constructor.newInstanceWithCaller(Constructor.java:500)\n\tat java.base/java.lang.reflect.Constructor.newInstance(Constructor.java:481)\n\tat org.openqa.selenium.remote.ErrorCodec.decode(ErrorCodec.java:167)\n\tat org.openqa.selenium.remote.codec.w3c.W3CHttpResponseCodec.decode(W3CHttpResponseCodec.java:138)\n\tat org.openqa.selenium.remote.codec.w3c.W3CHttpResponseCodec.decode(W3CHttpResponseCodec.java:50)\n\tat org.openqa.selenium.remote.HttpCommandExecutor.execute(HttpCommandExecutor.java:215)\n\tat org.openqa.selenium.remote.service.DriverCommandExecutor.invokeExecute(DriverCommandExecutor.java:216)\n\tat org.openqa.selenium.remote.service.DriverCommandExecutor.execute(DriverCommandExecutor.java:174)\n\tat org.openqa.selenium.remote.RemoteWebDriver.execute(RemoteWebDriver.java:544)\n\tat org.openqa.selenium.remote.ElementLocation$ElementFinder$2.findElement(ElementLocation.java:165)\n\tat org.openqa.selenium.remote.ElementLocation.findElement(ElementLocation.java:59)\n\tat org.openqa.selenium.remote.RemoteWebDriver.findElement(RemoteWebDriver.java:367)\n\tat org.openqa.selenium.remote.RemoteWebDriver.findElement(RemoteWebDriver.java:361)\n\tat com.codeborne.selenide.impl.WebElementSelector.findElement(WebElementSelector.java:67)\n\tat com.codeborne.selenide.impl.WebElementSelector.findElement(WebElementSelector.java:38)\n\tat com.codeborne.selenide.impl.WebElementSelector.findElement(WebElementSelector.java:29)\n\tat com.codeborne.selenide.impl.ElementFinder.getWebElement(ElementFinder.java:113)\n\tat com.codeborne.selenide.impl.WebElementSource.checkConditionAndReturnElement(WebElementSource.java:112)\n\t... 35 more\n","flaky":false,"newFailed":false,"newBroken":false,"newPassed":false,"retriesCount":0,"retriesStatusChange":false,"beforeStages":[],"afterStages":[],"labels":[{"name":"package","value":"tests.api.KaitenApiTest"},{"name":"testClass","value":"tests.api.KaitenApiTest"},{"name":"testMethod","value":"checkAddCommentToCard"},{"name":"parentSuite","value":"KaitenQA Regression Test"},{"name":"suite","value":"API Tests"},{"name":"subSuite","value":"tests.api.KaitenApiTest"},{"name":"host","value":"pkrvmq0rgcvqdmg"},{"name":"thread","value":"2566@pkrvmq0rgcvqdmg.main(1)"},{"name":"framework","value":"testng"},{"name":"language","value":"java"},{"name":"resultFormat","value":"allure2"}],"parameters":[],"links":[],"hidden":false,"retry":false,"extra":{"severity":"normal","retries":[],"categories":[],"history":{"statistic":{"failed":4,"broken":0,"skipped":3,"passed":13,"unknown":0,"total":20},"items":[{"uid":"e33a00256f4e1413","reportUrl":"https://Aloshya-QA.github.io/KaitenQA/31//#testresult/e33a00256f4e1413","status":"skipped","statusDetails":"1 expectation failed.\nExpected status code <200> but was <500>.\n","time":{"start":1753087752506,"stop":1753087752506,"duration":0}},{"uid":"a6c225a521a67864","reportUrl":"https://Aloshya-QA.github.io/KaitenQA/30//#testresult/a6c225a521a67864","status":"passed","time":{"start":1753085240502,"stop":1753085241059,"duration":557}},{"uid":"10e1a692eec54c82","reportUrl":"https://Aloshya-QA.github.io/KaitenQA/30//#testresult/10e1a692eec54c82","status":"passed","time":{"start":1753083713666,"stop":1753083714345,"duration":679}},{"uid":"d8f18e64026136e3","reportUrl":"https://Aloshya-QA.github.io/KaitenQA/29//#testresult/d8f18e64026136e3","status":"passed","time":{"start":1753082422595,"stop":1753082423214,"duration":619}},{"uid":"51b31c60624e2774","reportUrl":"https://Aloshya-QA.github.io/KaitenQA/28//#testresult/51b31c60624e2774","status":"passed","time":{"start":1753077969246,"stop":1753077969684,"duration":438}},{"uid":"f8eac2a75c2287de","reportUrl":"https://Aloshya-QA.github.io/KaitenQA/28//#testresult/f8eac2a75c2287de","status":"passed","time":{"start":1753077105715,"stop":1753077106455,"duration":740}},{"uid":"f8455b5e81246cd4","reportUrl":"https://Aloshya-QA.github.io/KaitenQA/28//#testresult/f8455b5e81246cd4","status":"passed","time":{"start":1753076083341,"stop":1753076083798,"duration":457}},{"uid":"59dd2c142357839b","reportUrl":"https://Aloshya-QA.github.io/KaitenQA/28//#testresult/59dd2c142357839b","status":"passed","time":{"start":1753048941333,"stop":1753048942039,"duration":706}},{"uid":"86a4164b0f140699","reportUrl":"https://Aloshya-QA.github.io/KaitenQA/28//#testresult/86a4164b0f140699","status":"passed","time":{"start":1753048258729,"stop":1753048259346,"duration":617}},{"uid":"27efb80349a81068","reportUrl":"https://Aloshya-QA.github.io/KaitenQA/27//#testresult/27efb80349a81068","status":"passed","time":{"start":1753048189029,"stop":1753048189449,"duration":420}},{"uid":"73073e9387704e12","reportUrl":"https://Aloshya-QA.github.io/KaitenQA/26//#testresult/73073e9387704e12","status":"passed","time":{"start":1753047135547,"stop":1753047136371,"duration":824}},{"uid":"784d04bcaea952e9","reportUrl":"https://Aloshya-QA.github.io/KaitenQA/25//#testresult/784d04bcaea952e9","status":"failed","statusDetails":"1 expectation failed.\nExpected status code <200> but was <401>.\n","time":{"start":1753033585748,"stop":1753033586218,"duration":470}},{"uid":"5d2902afbae40ba1","reportUrl":"https://Aloshya-QA.github.io/KaitenQA/24//#testresult/5d2902afbae40ba1","status":"failed","statusDetails":"1 expectation failed.\nExpected status code <200> but was <401>.\n","time":{"start":1753033461790,"stop":1753033462259,"duration":469}},{"uid":"d2495a9dd215e0fc","reportUrl":"https://Aloshya-QA.github.io/KaitenQA/23//#testresult/d2495a9dd215e0fc","status":"failed","statusDetails":"1 expectation failed.\nExpected status code <200> but was <401>.\n","time":{"start":1753032680365,"stop":1753032680840,"duration":475}},{"uid":"cdaeef4e38958463","reportUrl":"https://Aloshya-QA.github.io/KaitenQA/22//#testresult/cdaeef4e38958463","status":"failed","statusDetails":"1 expectation failed.\nExpected status code <200> but was <401>.\n","time":{"start":1753030397649,"stop":1753030398201,"duration":552}},{"uid":"b6183c9c2a94ba04","reportUrl":"https://Aloshya-QA.github.io/KaitenQA/21//#testresult/b6183c9c2a94ba04","status":"skipped","statusDetails":"No webdriver is bound to current thread: 1. You need to call open(url) first.","time":{"start":1752862109135,"stop":1752862109135,"duration":0}},{"uid":"418b3882d5b3760a","reportUrl":"https://Aloshya-QA.github.io/KaitenQA/20//#testresult/418b3882d5b3760a","status":"passed","time":{"start":1752682104400,"stop":1752682105771,"duration":1371}},{"uid":"ca65229d29ba8e9f","reportUrl":"https://Aloshya-QA.github.io/KaitenQA/19//#testresult/ca65229d29ba8e9f","status":"passed","time":{"start":1752682059166,"stop":1752682060177,"duration":1011}},{"uid":"8c8c0ee40a39f311","reportUrl":"https://Aloshya-QA.github.io/KaitenQA/18//#testresult/8c8c0ee40a39f311","status":"passed","time":{"start":1752442302250,"stop":1752442303460,"duration":1210}}]},"tags":[]},"source":"2b8503c71af92e94.json","parameterValues":[]}