{"uid":"67f4471a7ce37bf3","name":"checkCreatingWorkspace","fullName":"tests.api.KaitenApiTest.checkCreatingWorkspace","historyId":"538a751656a9d939373db7bb9522496b","time":{"start":1753088208827,"stop":1753088208827,"duration":0},"status":"skipped","statusMessage":"Element not found {by text: Открыт полный доступ на 14 дней \uD83E\uDD29}\nExpected: visible\nScreenshot: file:/home/runner/work/KaitenQA/KaitenQA/build/reports/tests/1753088207967.0.png\nPage source: file:/home/runner/work/KaitenQA/KaitenQA/build/reports/tests/1753088207967.0.html\nTimeout: 10 s.\nCaused by: NoSuchElementException: no such element: Unable to locate element: {\"method\":\"xpath\",\"selector\":\".//*/text()[normalize-space(translate(string(.), '","statusTrace":"Element not found {by text: Открыт полный доступ на 14 дней \uD83E\uDD29}\nExpected: visible\nScreenshot: file:/home/runner/work/KaitenQA/KaitenQA/build/reports/tests/1753088207967.0.png\nPage source: file:/home/runner/work/KaitenQA/KaitenQA/build/reports/tests/1753088207967.0.html\nTimeout: 10 s.\nCaused by: NoSuchElementException: no such element: Unable to locate element: {\"method\":\"xpath\",\"selector\":\".//*/text()[normalize-space(translate(string(.), '\n\tat com.codeborne.selenide.impl.WebElementSource.createElementNotFoundError(WebElementSource.java:89)\n\tat com.codeborne.selenide.impl.ElementFinder.createElementNotFoundError(ElementFinder.java:129)\n\tat com.codeborne.selenide.impl.WebElementSource.handleError(WebElementSource.java:140)\n\tat com.codeborne.selenide.impl.WebElementSource.checkConditionAndReturnElement(WebElementSource.java:123)\n\tat com.codeborne.selenide.impl.WebElementSource.checkCondition(WebElementSource.java:99)\n\tat com.codeborne.selenide.commands.Should.execute(Should.java:24)\n\tat com.codeborne.selenide.FluentCommand.execute(FluentCommand.java:27)\n\tat com.codeborne.selenide.FluentCommand.execute(FluentCommand.java:19)\n\tat com.codeborne.selenide.commands.Commands.execute(Commands.java:160)\n\tat com.codeborne.selenide.impl.SelenideElementProxy.dispatchAndRetry(SelenideElementProxy.java:131)\n\tat com.codeborne.selenide.impl.SelenideElementProxy.invoke(SelenideElementProxy.java:83)\n\tat jdk.proxy2/jdk.proxy2.$Proxy36.shouldBe(Unknown Source)\n\tat pages.RegistrationPage.activateCompanySuccessful(RegistrationPage.java:107)\n\tat initialization.InitKaiten.registerAndActivate(InitKaiten.java:42)\n\tat initialization.Init.startInit(Init.java:36)\n\tat tests.api.BaseApiTest.loadVariables(BaseApiTest.java:28)\n\tat java.base/jdk.internal.reflect.NativeMethodAccessorImpl.invoke0(Native Method)\n\tat java.base/jdk.internal.reflect.NativeMethodAccessorImpl.invoke(NativeMethodAccessorImpl.java:77)\n\tat java.base/jdk.internal.reflect.DelegatingMethodAccessorImpl.invoke(DelegatingMethodAccessorImpl.java:43)\n\tat java.base/java.lang.reflect.Method.invoke(Method.java:569)\n\tat org.testng.internal.invokers.MethodInvocationHelper.invokeMethod(MethodInvocationHelper.java:141)\n\tat org.testng.internal.invokers.MethodInvocationHelper.invokeMethodConsideringTimeout(MethodInvocationHelper.java:71)\n\tat org.testng.internal.invokers.ConfigInvoker.invokeConfigurationMethod(ConfigInvoker.java:400)\n\tat org.testng.internal.invokers.ConfigInvoker.invokeConfigurations(ConfigInvoker.java:333)\n\tat org.testng.SuiteRunner.privateRun(SuiteRunner.java:358)\n\tat org.testng.SuiteRunner.run(SuiteRunner.java:312)\n\tat org.testng.SuiteRunnerWorker.runSuite(SuiteRunnerWorker.java:52)\n\tat org.testng.SuiteRunnerWorker.run(SuiteRunnerWorker.java:95)\n\tat org.testng.TestNG.runSuitesSequentially(TestNG.java:1274)\n\tat org.testng.TestNG.runSuitesLocally(TestNG.java:1208)\n\tat org.testng.TestNG.runSuites(TestNG.java:1112)\n\tat org.testng.TestNG.run(TestNG.java:1079)\n\tat org.apache.maven.surefire.testng.TestNGExecutor.run(TestNGExecutor.java:308)\n\tat org.apache.maven.surefire.testng.TestNGXmlTestSuite.execute(TestNGXmlTestSuite.java:71)\n\tat org.apache.maven.surefire.testng.TestNGProvider.invoke(TestNGProvider.java:113)\n\tat org.apache.maven.surefire.booter.ForkedBooter.runSuitesInProcess(ForkedBooter.java:385)\n\tat org.apache.maven.surefire.booter.ForkedBooter.execute(ForkedBooter.java:162)\n\tat org.apache.maven.surefire.booter.ForkedBooter.run(ForkedBooter.java:507)\n\tat org.apache.maven.surefire.booter.ForkedBooter.main(ForkedBooter.java:495)\nCaused by: org.openqa.selenium.NoSuchElementException: no such element: Unable to locate element: {\"method\":\"xpath\",\"selector\":\".//*/text()[normalize-space(translate(string(.), '\t\n\r             ​‌‍  ⁠　', '                       ')) = \"Открыт полный доступ на 14 дней \uD83E\uDD29\"]/parent::*\"}\n  (Session info: chrome=138.0.7204.100)\nFor documentation on this error, please visit: https://www.selenium.dev/documentation/webdriver/troubleshooting/errors#no-such-element-exception\nBuild info: version: '4.33.0', revision: '2c6aaad03a'\nSystem info: os.name: 'Linux', os.arch: 'amd64', os.version: '6.11.0-1018-azure', java.version: '17.0.16'\nDriver info: org.openqa.selenium.chrome.ChromeDriver\nCommand: [f7e9a8fa87dd2153a0fbdfd3cb4db0c4, findElement {using=xpath, value=.//*/text()[normalize-space(translate(string(.), '\t\n\r             ​‌‍  ⁠　', '                       ')) = \"Открыт полный доступ на 14 дней \uD83E\uDD29\"]/parent::*}]\nCapabilities {acceptInsecureCerts: true, browserName: chrome, browserVersion: 138.0.7204.100, chrome: {chromedriverVersion: 138.0.7204.94 (545025748884..., userDataDir: /tmp/.org.chromium.Chromium...}, fedcm:accounts: true, goog:chromeOptions: {debuggerAddress: localhost:36377}, networkConnectionEnabled: false, pageLoadStrategy: normal, platformName: linux, proxy: Proxy(), se:cdp: ws://localhost:36377/devtoo..., se:cdpVersion: 138.0.7204.100, setWindowRect: true, strictFileInteractability: false, timeouts: {implicit: 0, pageLoad: 300000, script: 30000}, unhandledPromptBehavior: accept, webauthn:extension:credBlob: true, webauthn:extension:largeBlob: true, webauthn:extension:minPinLength: true, webauthn:extension:prf: true, webauthn:virtualAuthenticators: true}\nSession ID: f7e9a8fa87dd2153a0fbdfd3cb4db0c4\n\tat jdk.internal.reflect.GeneratedConstructorAccessor30.newInstance(Unknown Source)\n\tat java.base/jdk.internal.reflect.DelegatingConstructorAccessorImpl.newInstance(DelegatingConstructorAccessorImpl.java:45)\n\tat java.base/java.lang.reflect.Constructor.newInstanceWithCaller(Constructor.java:500)\n\tat java.base/java.lang.reflect.Constructor.newInstance(Constructor.java:481)\n\tat org.openqa.selenium.remote.ErrorCodec.decode(ErrorCodec.java:167)\n\tat org.openqa.selenium.remote.codec.w3c.W3CHttpResponseCodec.decode(W3CHttpResponseCodec.java:138)\n\tat org.openqa.selenium.remote.codec.w3c.W3CHttpResponseCodec.decode(W3CHttpResponseCodec.java:50)\n\tat org.openqa.selenium.remote.HttpCommandExecutor.execute(HttpCommandExecutor.java:215)\n\tat org.openqa.selenium.remote.service.DriverCommandExecutor.invokeExecute(DriverCommandExecutor.java:216)\n\tat org.openqa.selenium.remote.service.DriverCommandExecutor.execute(DriverCommandExecutor.java:174)\n\tat org.openqa.selenium.remote.RemoteWebDriver.execute(RemoteWebDriver.java:544)\n\tat org.openqa.selenium.remote.ElementLocation$ElementFinder$2.findElement(ElementLocation.java:165)\n\tat org.openqa.selenium.remote.ElementLocation.findElement(ElementLocation.java:59)\n\tat org.openqa.selenium.remote.RemoteWebDriver.findElement(RemoteWebDriver.java:367)\n\tat org.openqa.selenium.remote.RemoteWebDriver.findElement(RemoteWebDriver.java:361)\n\tat com.codeborne.selenide.impl.WebElementSelector.findElement(WebElementSelector.java:67)\n\tat com.codeborne.selenide.impl.WebElementSelector.findElement(WebElementSelector.java:38)\n\tat com.codeborne.selenide.impl.WebElementSelector.findElement(WebElementSelector.java:29)\n\tat com.codeborne.selenide.impl.ElementFinder.getWebElement(ElementFinder.java:113)\n\tat com.codeborne.selenide.impl.WebElementSource.checkConditionAndReturnElement(WebElementSource.java:112)\n\t... 35 more\n","flaky":false,"newFailed":false,"newBroken":false,"newPassed":false,"retriesCount":0,"retriesStatusChange":false,"beforeStages":[],"afterStages":[],"labels":[{"name":"package","value":"tests.api.KaitenApiTest"},{"name":"testClass","value":"tests.api.KaitenApiTest"},{"name":"testMethod","value":"checkCreatingWorkspace"},{"name":"parentSuite","value":"KaitenQA Regression Test"},{"name":"suite","value":"API Tests"},{"name":"subSuite","value":"tests.api.KaitenApiTest"},{"name":"host","value":"pkrvmq0rgcvqdmg"},{"name":"thread","value":"2566@pkrvmq0rgcvqdmg.main(1)"},{"name":"framework","value":"testng"},{"name":"language","value":"java"},{"name":"resultFormat","value":"allure2"}],"parameters":[],"links":[],"hidden":false,"retry":false,"extra":{"severity":"normal","retries":[],"categories":[],"history":{"statistic":{"failed":4,"broken":0,"skipped":3,"passed":13,"unknown":0,"total":20},"items":[{"uid":"2c71705a516e263c","reportUrl":"https://Aloshya-QA.github.io/KaitenQA/31//#testresult/2c71705a516e263c","status":"skipped","statusDetails":"1 expectation failed.\nExpected status code <200> but was <500>.\n","time":{"start":1753087752523,"stop":1753087752524,"duration":1}},{"uid":"b964016f2c89ad36","reportUrl":"https://Aloshya-QA.github.io/KaitenQA/30//#testresult/b964016f2c89ad36","status":"passed","time":{"start":1753085249548,"stop":1753085250059,"duration":511}},{"uid":"63cb31ecd0eb1865","reportUrl":"https://Aloshya-QA.github.io/KaitenQA/30//#testresult/63cb31ecd0eb1865","status":"passed","time":{"start":1753083721063,"stop":1753083721725,"duration":662}},{"uid":"3c60491fae8e1778","reportUrl":"https://Aloshya-QA.github.io/KaitenQA/29//#testresult/3c60491fae8e1778","status":"passed","time":{"start":1753082429667,"stop":1753082430263,"duration":596}},{"uid":"dfac3d014e0d680","reportUrl":"https://Aloshya-QA.github.io/KaitenQA/28//#testresult/dfac3d014e0d680","status":"passed","time":{"start":1753077966091,"stop":1753077966795,"duration":704}},{"uid":"4a67691a1145b1db","reportUrl":"https://Aloshya-QA.github.io/KaitenQA/28//#testresult/4a67691a1145b1db","status":"passed","time":{"start":1753077102176,"stop":1753077103291,"duration":1115}},{"uid":"8823ee3264e9ba99","reportUrl":"https://Aloshya-QA.github.io/KaitenQA/28//#testresult/8823ee3264e9ba99","status":"passed","time":{"start":1753076079905,"stop":1753076080906,"duration":1001}},{"uid":"6c0663eb4dde345e","reportUrl":"https://Aloshya-QA.github.io/KaitenQA/28//#testresult/6c0663eb4dde345e","status":"passed","time":{"start":1753048935638,"stop":1753048936639,"duration":1001}},{"uid":"b2163153244ea83c","reportUrl":"https://Aloshya-QA.github.io/KaitenQA/28//#testresult/b2163153244ea83c","status":"passed","time":{"start":1753048254553,"stop":1753048255359,"duration":806}},{"uid":"7ff359e56cb3e98a","reportUrl":"https://Aloshya-QA.github.io/KaitenQA/27//#testresult/7ff359e56cb3e98a","status":"passed","time":{"start":1753048185694,"stop":1753048186337,"duration":643}},{"uid":"a5fec5a9ce4483e3","reportUrl":"https://Aloshya-QA.github.io/KaitenQA/26//#testresult/a5fec5a9ce4483e3","status":"passed","time":{"start":1753047125896,"stop":1753047126962,"duration":1066}},{"uid":"60157414398fe1d0","reportUrl":"https://Aloshya-QA.github.io/KaitenQA/25//#testresult/60157414398fe1d0","status":"failed","statusDetails":"1 expectation failed.\nExpected status code <200> but was <401>.\n","time":{"start":1753033584218,"stop":1753033584824,"duration":606}},{"uid":"fb9ae7b98fcf84a0","reportUrl":"https://Aloshya-QA.github.io/KaitenQA/24//#testresult/fb9ae7b98fcf84a0","status":"failed","statusDetails":"1 expectation failed.\nExpected status code <200> but was <401>.\n","time":{"start":1753033460207,"stop":1753033460852,"duration":645}},{"uid":"4e333ce4ff95c4f8","reportUrl":"https://Aloshya-QA.github.io/KaitenQA/23//#testresult/4e333ce4ff95c4f8","status":"failed","statusDetails":"1 expectation failed.\nExpected status code <200> but was <401>.\n","time":{"start":1753032678817,"stop":1753032679431,"duration":614}},{"uid":"9b4c35783da8515e","reportUrl":"https://Aloshya-QA.github.io/KaitenQA/22//#testresult/9b4c35783da8515e","status":"failed","statusDetails":"1 expectation failed.\nExpected status code <200> but was <401>.\n","time":{"start":1753030401359,"stop":1753030401928,"duration":569}},{"uid":"9a5a7e968594126c","reportUrl":"https://Aloshya-QA.github.io/KaitenQA/21//#testresult/9a5a7e968594126c","status":"skipped","statusDetails":"No webdriver is bound to current thread: 1. You need to call open(url) first.","time":{"start":1752862109128,"stop":1752862109128,"duration":0}},{"uid":"8c68a09863bb5f08","reportUrl":"https://Aloshya-QA.github.io/KaitenQA/20//#testresult/8c68a09863bb5f08","status":"passed","time":{"start":1752682099372,"stop":1752682100247,"duration":875}},{"uid":"18f436b20f284e44","reportUrl":"https://Aloshya-QA.github.io/KaitenQA/19//#testresult/18f436b20f284e44","status":"passed","time":{"start":1752682054991,"stop":1752682055663,"duration":672}},{"uid":"9183a1465402005e","reportUrl":"https://Aloshya-QA.github.io/KaitenQA/18//#testresult/9183a1465402005e","status":"passed","time":{"start":1752442297920,"stop":1752442298626,"duration":706}}]},"tags":[]},"source":"67f4471a7ce37bf3.json","parameterValues":[]}