{"uid":"9f2957359335b654","name":"checkChangeAvatar","fullName":"tests.ui.ProfileTest.checkChangeAvatar","historyId":"8a2134fd86a564a6f6fd6314649c5b70","time":{"start":1753088208668,"stop":1753088208668,"duration":0},"status":"skipped","statusMessage":"Element not found {by text: Открыт полный доступ на 14 дней \uD83E\uDD29}\nExpected: visible\nScreenshot: file:/home/runner/work/KaitenQA/KaitenQA/build/reports/tests/1753088207967.0.png\nPage source: file:/home/runner/work/KaitenQA/KaitenQA/build/reports/tests/1753088207967.0.html\nTimeout: 10 s.\nCaused by: NoSuchElementException: no such element: Unable to locate element: {\"method\":\"xpath\",\"selector\":\".//*/text()[normalize-space(translate(string(.), '","statusTrace":"Element not found {by text: Открыт полный доступ на 14 дней \uD83E\uDD29}\nExpected: visible\nScreenshot: file:/home/runner/work/KaitenQA/KaitenQA/build/reports/tests/1753088207967.0.png\nPage source: file:/home/runner/work/KaitenQA/KaitenQA/build/reports/tests/1753088207967.0.html\nTimeout: 10 s.\nCaused by: NoSuchElementException: no such element: Unable to locate element: {\"method\":\"xpath\",\"selector\":\".//*/text()[normalize-space(translate(string(.), '\n\tat com.codeborne.selenide.impl.WebElementSource.createElementNotFoundError(WebElementSource.java:89)\n\tat com.codeborne.selenide.impl.ElementFinder.createElementNotFoundError(ElementFinder.java:129)\n\tat com.codeborne.selenide.impl.WebElementSource.handleError(WebElementSource.java:140)\n\tat com.codeborne.selenide.impl.WebElementSource.checkConditionAndReturnElement(WebElementSource.java:123)\n\tat com.codeborne.selenide.impl.WebElementSource.checkCondition(WebElementSource.java:99)\n\tat com.codeborne.selenide.commands.Should.execute(Should.java:24)\n\tat com.codeborne.selenide.FluentCommand.execute(FluentCommand.java:27)\n\tat com.codeborne.selenide.FluentCommand.execute(FluentCommand.java:19)\n\tat com.codeborne.selenide.commands.Commands.execute(Commands.java:160)\n\tat com.codeborne.selenide.impl.SelenideElementProxy.dispatchAndRetry(SelenideElementProxy.java:131)\n\tat com.codeborne.selenide.impl.SelenideElementProxy.invoke(SelenideElementProxy.java:83)\n\tat jdk.proxy2/jdk.proxy2.$Proxy36.shouldBe(Unknown Source)\n\tat pages.RegistrationPage.activateCompanySuccessful(RegistrationPage.java:107)\n\tat initialization.InitKaiten.registerAndActivate(InitKaiten.java:42)\n\tat initialization.Init.startInit(Init.java:36)\n\tat tests.api.BaseApiTest.loadVariables(BaseApiTest.java:28)\n\tat java.base/jdk.internal.reflect.NativeMethodAccessorImpl.invoke0(Native Method)\n\tat java.base/jdk.internal.reflect.NativeMethodAccessorImpl.invoke(NativeMethodAccessorImpl.java:77)\n\tat java.base/jdk.internal.reflect.DelegatingMethodAccessorImpl.invoke(DelegatingMethodAccessorImpl.java:43)\n\tat java.base/java.lang.reflect.Method.invoke(Method.java:569)\n\tat org.testng.internal.invokers.MethodInvocationHelper.invokeMethod(MethodInvocationHelper.java:141)\n\tat org.testng.internal.invokers.MethodInvocationHelper.invokeMethodConsideringTimeout(MethodInvocationHelper.java:71)\n\tat org.testng.internal.invokers.ConfigInvoker.invokeConfigurationMethod(ConfigInvoker.java:400)\n\tat org.testng.internal.invokers.ConfigInvoker.invokeConfigurations(ConfigInvoker.java:333)\n\tat org.testng.SuiteRunner.privateRun(SuiteRunner.java:358)\n\tat org.testng.SuiteRunner.run(SuiteRunner.java:312)\n\tat org.testng.SuiteRunnerWorker.runSuite(SuiteRunnerWorker.java:52)\n\tat org.testng.SuiteRunnerWorker.run(SuiteRunnerWorker.java:95)\n\tat org.testng.TestNG.runSuitesSequentially(TestNG.java:1274)\n\tat org.testng.TestNG.runSuitesLocally(TestNG.java:1208)\n\tat org.testng.TestNG.runSuites(TestNG.java:1112)\n\tat org.testng.TestNG.run(TestNG.java:1079)\n\tat org.apache.maven.surefire.testng.TestNGExecutor.run(TestNGExecutor.java:308)\n\tat org.apache.maven.surefire.testng.TestNGXmlTestSuite.execute(TestNGXmlTestSuite.java:71)\n\tat org.apache.maven.surefire.testng.TestNGProvider.invoke(TestNGProvider.java:113)\n\tat org.apache.maven.surefire.booter.ForkedBooter.runSuitesInProcess(ForkedBooter.java:385)\n\tat org.apache.maven.surefire.booter.ForkedBooter.execute(ForkedBooter.java:162)\n\tat org.apache.maven.surefire.booter.ForkedBooter.run(ForkedBooter.java:507)\n\tat org.apache.maven.surefire.booter.ForkedBooter.main(ForkedBooter.java:495)\nCaused by: org.openqa.selenium.NoSuchElementException: no such element: Unable to locate element: {\"method\":\"xpath\",\"selector\":\".//*/text()[normalize-space(translate(string(.), '\t\n\r             ​‌‍  ⁠　', '                       ')) = \"Открыт полный доступ на 14 дней \uD83E\uDD29\"]/parent::*\"}\n  (Session info: chrome=138.0.7204.100)\nFor documentation on this error, please visit: https://www.selenium.dev/documentation/webdriver/troubleshooting/errors#no-such-element-exception\nBuild info: version: '4.33.0', revision: '2c6aaad03a'\nSystem info: os.name: 'Linux', os.arch: 'amd64', os.version: '6.11.0-1018-azure', java.version: '17.0.16'\nDriver info: org.openqa.selenium.chrome.ChromeDriver\nCommand: [f7e9a8fa87dd2153a0fbdfd3cb4db0c4, findElement {using=xpath, value=.//*/text()[normalize-space(translate(string(.), '\t\n\r             ​‌‍  ⁠　', '                       ')) = \"Открыт полный доступ на 14 дней \uD83E\uDD29\"]/parent::*}]\nCapabilities {acceptInsecureCerts: true, browserName: chrome, browserVersion: 138.0.7204.100, chrome: {chromedriverVersion: 138.0.7204.94 (545025748884..., userDataDir: /tmp/.org.chromium.Chromium...}, fedcm:accounts: true, goog:chromeOptions: {debuggerAddress: localhost:36377}, networkConnectionEnabled: false, pageLoadStrategy: normal, platformName: linux, proxy: Proxy(), se:cdp: ws://localhost:36377/devtoo..., se:cdpVersion: 138.0.7204.100, setWindowRect: true, strictFileInteractability: false, timeouts: {implicit: 0, pageLoad: 300000, script: 30000}, unhandledPromptBehavior: accept, webauthn:extension:credBlob: true, webauthn:extension:largeBlob: true, webauthn:extension:minPinLength: true, webauthn:extension:prf: true, webauthn:virtualAuthenticators: true}\nSession ID: f7e9a8fa87dd2153a0fbdfd3cb4db0c4\n\tat jdk.internal.reflect.GeneratedConstructorAccessor30.newInstance(Unknown Source)\n\tat java.base/jdk.internal.reflect.DelegatingConstructorAccessorImpl.newInstance(DelegatingConstructorAccessorImpl.java:45)\n\tat java.base/java.lang.reflect.Constructor.newInstanceWithCaller(Constructor.java:500)\n\tat java.base/java.lang.reflect.Constructor.newInstance(Constructor.java:481)\n\tat org.openqa.selenium.remote.ErrorCodec.decode(ErrorCodec.java:167)\n\tat org.openqa.selenium.remote.codec.w3c.W3CHttpResponseCodec.decode(W3CHttpResponseCodec.java:138)\n\tat org.openqa.selenium.remote.codec.w3c.W3CHttpResponseCodec.decode(W3CHttpResponseCodec.java:50)\n\tat org.openqa.selenium.remote.HttpCommandExecutor.execute(HttpCommandExecutor.java:215)\n\tat org.openqa.selenium.remote.service.DriverCommandExecutor.invokeExecute(DriverCommandExecutor.java:216)\n\tat org.openqa.selenium.remote.service.DriverCommandExecutor.execute(DriverCommandExecutor.java:174)\n\tat org.openqa.selenium.remote.RemoteWebDriver.execute(RemoteWebDriver.java:544)\n\tat org.openqa.selenium.remote.ElementLocation$ElementFinder$2.findElement(ElementLocation.java:165)\n\tat org.openqa.selenium.remote.ElementLocation.findElement(ElementLocation.java:59)\n\tat org.openqa.selenium.remote.RemoteWebDriver.findElement(RemoteWebDriver.java:367)\n\tat org.openqa.selenium.remote.RemoteWebDriver.findElement(RemoteWebDriver.java:361)\n\tat com.codeborne.selenide.impl.WebElementSelector.findElement(WebElementSelector.java:67)\n\tat com.codeborne.selenide.impl.WebElementSelector.findElement(WebElementSelector.java:38)\n\tat com.codeborne.selenide.impl.WebElementSelector.findElement(WebElementSelector.java:29)\n\tat com.codeborne.selenide.impl.ElementFinder.getWebElement(ElementFinder.java:113)\n\tat com.codeborne.selenide.impl.WebElementSource.checkConditionAndReturnElement(WebElementSource.java:112)\n\t... 35 more\n","flaky":false,"newFailed":false,"newBroken":false,"newPassed":false,"retriesCount":0,"retriesStatusChange":false,"beforeStages":[{"name":"setup","time":{"start":1753088208666,"stop":1753088208666,"duration":0},"description":"","status":"passed","steps":[],"attachments":[],"parameters":[],"shouldDisplayMessage":false,"stepsCount":0,"attachmentsCount":0,"hasContent":false,"attachmentStep":false}],"afterStages":[{"name":"TearDawn","time":{"start":1753088208669,"stop":1753088208670,"duration":1},"description":"","status":"passed","steps":[],"attachments":[],"parameters":[],"shouldDisplayMessage":false,"stepsCount":0,"attachmentsCount":0,"hasContent":false,"attachmentStep":false}],"labels":[{"name":"package","value":"tests.ui.ProfileTest"},{"name":"testClass","value":"tests.ui.ProfileTest"},{"name":"testMethod","value":"checkChangeAvatar"},{"name":"parentSuite","value":"KaitenQA Regression Test"},{"name":"suite","value":"Chrome UI Tests"},{"name":"subSuite","value":"tests.ui.ProfileTest"},{"name":"host","value":"pkrvmq0rgcvqdmg"},{"name":"thread","value":"2566@pkrvmq0rgcvqdmg.main(1)"},{"name":"framework","value":"testng"},{"name":"language","value":"java"},{"name":"resultFormat","value":"allure2"}],"parameters":[{"name":"browser","value":"chrome"}],"links":[],"hidden":false,"retry":false,"extra":{"severity":"normal","retries":[],"categories":[],"history":{"statistic":{"failed":0,"broken":0,"skipped":2,"passed":10,"unknown":0,"total":12},"items":[{"uid":"4642c78ce78d68ed","reportUrl":"https://Aloshya-QA.github.io/KaitenQA/31//#testresult/4642c78ce78d68ed","status":"skipped","statusDetails":"1 expectation failed.\nExpected status code <200> but was <500>.\n","time":{"start":1753087752377,"stop":1753087752377,"duration":0}},{"uid":"3f2b227b9ddeb73c","reportUrl":"https://Aloshya-QA.github.io/KaitenQA/30//#testresult/3f2b227b9ddeb73c","status":"passed","time":{"start":1753084956527,"stop":1753084966825,"duration":10298}},{"uid":"fc2b11e9c5696e9c","reportUrl":"https://Aloshya-QA.github.io/KaitenQA/30//#testresult/fc2b11e9c5696e9c","status":"passed","time":{"start":1753083496198,"stop":1753083507488,"duration":11290}},{"uid":"3c58440479907354","reportUrl":"https://Aloshya-QA.github.io/KaitenQA/29//#testresult/3c58440479907354","status":"passed","time":{"start":1753082118212,"stop":1753082128991,"duration":10779}},{"uid":"8febf470421e46a5","reportUrl":"https://Aloshya-QA.github.io/KaitenQA/28//#testresult/8febf470421e46a5","status":"passed","time":{"start":1753077777413,"stop":1753077785880,"duration":8467}},{"uid":"ec9e653f28dacc08","reportUrl":"https://Aloshya-QA.github.io/KaitenQA/28//#testresult/ec9e653f28dacc08","status":"passed","time":{"start":1753076906182,"stop":1753076914797,"duration":8615}},{"uid":"9d686ceb8ef7c37","reportUrl":"https://Aloshya-QA.github.io/KaitenQA/28//#testresult/9d686ceb8ef7c37","status":"passed","time":{"start":1753075921197,"stop":1753075931701,"duration":10504}},{"uid":"42717db07bcce331","reportUrl":"https://Aloshya-QA.github.io/KaitenQA/28//#testresult/42717db07bcce331","status":"passed","time":{"start":1753048722597,"stop":1753048732567,"duration":9970}},{"uid":"509dc4458f8c3bbe","reportUrl":"https://Aloshya-QA.github.io/KaitenQA/28//#testresult/509dc4458f8c3bbe","status":"passed","time":{"start":1753048052883,"stop":1753048062898,"duration":10015}},{"uid":"e47e8d435ab04f4c","reportUrl":"https://Aloshya-QA.github.io/KaitenQA/27//#testresult/e47e8d435ab04f4c","status":"passed","time":{"start":1753048034867,"stop":1753048043596,"duration":8729}},{"uid":"2523a0627f31b57b","reportUrl":"https://Aloshya-QA.github.io/KaitenQA/26//#testresult/2523a0627f31b57b","status":"passed","time":{"start":1753046956874,"stop":1753046967274,"duration":10400}}]},"tags":[]},"source":"9f2957359335b654.json","parameterValues":["chrome"]}