{"uid":"bd698159ad288b58","name":"checkCreatingBoard","fullName":"tests.api.KaitenApiTest.checkCreatingBoard","historyId":"c066327a66f6b9ff718f57d0dbdd5da5","time":{"start":1753088208823,"stop":1753088208823,"duration":0},"status":"skipped","statusMessage":"Element not found {by text: Открыт полный доступ на 14 дней \uD83E\uDD29}\nExpected: visible\nScreenshot: file:/home/runner/work/KaitenQA/KaitenQA/build/reports/tests/1753088207967.0.png\nPage source: file:/home/runner/work/KaitenQA/KaitenQA/build/reports/tests/1753088207967.0.html\nTimeout: 10 s.\nCaused by: NoSuchElementException: no such element: Unable to locate element: {\"method\":\"xpath\",\"selector\":\".//*/text()[normalize-space(translate(string(.), '","statusTrace":"Element not found {by text: Открыт полный доступ на 14 дней \uD83E\uDD29}\nExpected: visible\nScreenshot: file:/home/runner/work/KaitenQA/KaitenQA/build/reports/tests/1753088207967.0.png\nPage source: file:/home/runner/work/KaitenQA/KaitenQA/build/reports/tests/1753088207967.0.html\nTimeout: 10 s.\nCaused by: NoSuchElementException: no such element: Unable to locate element: {\"method\":\"xpath\",\"selector\":\".//*/text()[normalize-space(translate(string(.), '\n\tat com.codeborne.selenide.impl.WebElementSource.createElementNotFoundError(WebElementSource.java:89)\n\tat com.codeborne.selenide.impl.ElementFinder.createElementNotFoundError(ElementFinder.java:129)\n\tat com.codeborne.selenide.impl.WebElementSource.handleError(WebElementSource.java:140)\n\tat com.codeborne.selenide.impl.WebElementSource.checkConditionAndReturnElement(WebElementSource.java:123)\n\tat com.codeborne.selenide.impl.WebElementSource.checkCondition(WebElementSource.java:99)\n\tat com.codeborne.selenide.commands.Should.execute(Should.java:24)\n\tat com.codeborne.selenide.FluentCommand.execute(FluentCommand.java:27)\n\tat com.codeborne.selenide.FluentCommand.execute(FluentCommand.java:19)\n\tat com.codeborne.selenide.commands.Commands.execute(Commands.java:160)\n\tat com.codeborne.selenide.impl.SelenideElementProxy.dispatchAndRetry(SelenideElementProxy.java:131)\n\tat com.codeborne.selenide.impl.SelenideElementProxy.invoke(SelenideElementProxy.java:83)\n\tat jdk.proxy2/jdk.proxy2.$Proxy36.shouldBe(Unknown Source)\n\tat pages.RegistrationPage.activateCompanySuccessful(RegistrationPage.java:107)\n\tat initialization.InitKaiten.registerAndActivate(InitKaiten.java:42)\n\tat initialization.Init.startInit(Init.java:36)\n\tat tests.api.BaseApiTest.loadVariables(BaseApiTest.java:28)\n\tat java.base/jdk.internal.reflect.NativeMethodAccessorImpl.invoke0(Native Method)\n\tat java.base/jdk.internal.reflect.NativeMethodAccessorImpl.invoke(NativeMethodAccessorImpl.java:77)\n\tat java.base/jdk.internal.reflect.DelegatingMethodAccessorImpl.invoke(DelegatingMethodAccessorImpl.java:43)\n\tat java.base/java.lang.reflect.Method.invoke(Method.java:569)\n\tat org.testng.internal.invokers.MethodInvocationHelper.invokeMethod(MethodInvocationHelper.java:141)\n\tat org.testng.internal.invokers.MethodInvocationHelper.invokeMethodConsideringTimeout(MethodInvocationHelper.java:71)\n\tat org.testng.internal.invokers.ConfigInvoker.invokeConfigurationMethod(ConfigInvoker.java:400)\n\tat org.testng.internal.invokers.ConfigInvoker.invokeConfigurations(ConfigInvoker.java:333)\n\tat org.testng.SuiteRunner.privateRun(SuiteRunner.java:358)\n\tat org.testng.SuiteRunner.run(SuiteRunner.java:312)\n\tat org.testng.SuiteRunnerWorker.runSuite(SuiteRunnerWorker.java:52)\n\tat org.testng.SuiteRunnerWorker.run(SuiteRunnerWorker.java:95)\n\tat org.testng.TestNG.runSuitesSequentially(TestNG.java:1274)\n\tat org.testng.TestNG.runSuitesLocally(TestNG.java:1208)\n\tat org.testng.TestNG.runSuites(TestNG.java:1112)\n\tat org.testng.TestNG.run(TestNG.java:1079)\n\tat org.apache.maven.surefire.testng.TestNGExecutor.run(TestNGExecutor.java:308)\n\tat org.apache.maven.surefire.testng.TestNGXmlTestSuite.execute(TestNGXmlTestSuite.java:71)\n\tat org.apache.maven.surefire.testng.TestNGProvider.invoke(TestNGProvider.java:113)\n\tat org.apache.maven.surefire.booter.ForkedBooter.runSuitesInProcess(ForkedBooter.java:385)\n\tat org.apache.maven.surefire.booter.ForkedBooter.execute(ForkedBooter.java:162)\n\tat org.apache.maven.surefire.booter.ForkedBooter.run(ForkedBooter.java:507)\n\tat org.apache.maven.surefire.booter.ForkedBooter.main(ForkedBooter.java:495)\nCaused by: org.openqa.selenium.NoSuchElementException: no such element: Unable to locate element: {\"method\":\"xpath\",\"selector\":\".//*/text()[normalize-space(translate(string(.), '\t\n\r             ​‌‍  ⁠　', '                       ')) = \"Открыт полный доступ на 14 дней \uD83E\uDD29\"]/parent::*\"}\n  (Session info: chrome=138.0.7204.100)\nFor documentation on this error, please visit: https://www.selenium.dev/documentation/webdriver/troubleshooting/errors#no-such-element-exception\nBuild info: version: '4.33.0', revision: '2c6aaad03a'\nSystem info: os.name: 'Linux', os.arch: 'amd64', os.version: '6.11.0-1018-azure', java.version: '17.0.16'\nDriver info: org.openqa.selenium.chrome.ChromeDriver\nCommand: [f7e9a8fa87dd2153a0fbdfd3cb4db0c4, findElement {using=xpath, value=.//*/text()[normalize-space(translate(string(.), '\t\n\r             ​‌‍  ⁠　', '                       ')) = \"Открыт полный доступ на 14 дней \uD83E\uDD29\"]/parent::*}]\nCapabilities {acceptInsecureCerts: true, browserName: chrome, browserVersion: 138.0.7204.100, chrome: {chromedriverVersion: 138.0.7204.94 (545025748884..., userDataDir: /tmp/.org.chromium.Chromium...}, fedcm:accounts: true, goog:chromeOptions: {debuggerAddress: localhost:36377}, networkConnectionEnabled: false, pageLoadStrategy: normal, platformName: linux, proxy: Proxy(), se:cdp: ws://localhost:36377/devtoo..., se:cdpVersion: 138.0.7204.100, setWindowRect: true, strictFileInteractability: false, timeouts: {implicit: 0, pageLoad: 300000, script: 30000}, unhandledPromptBehavior: accept, webauthn:extension:credBlob: true, webauthn:extension:largeBlob: true, webauthn:extension:minPinLength: true, webauthn:extension:prf: true, webauthn:virtualAuthenticators: true}\nSession ID: f7e9a8fa87dd2153a0fbdfd3cb4db0c4\n\tat jdk.internal.reflect.GeneratedConstructorAccessor30.newInstance(Unknown Source)\n\tat java.base/jdk.internal.reflect.DelegatingConstructorAccessorImpl.newInstance(DelegatingConstructorAccessorImpl.java:45)\n\tat java.base/java.lang.reflect.Constructor.newInstanceWithCaller(Constructor.java:500)\n\tat java.base/java.lang.reflect.Constructor.newInstance(Constructor.java:481)\n\tat org.openqa.selenium.remote.ErrorCodec.decode(ErrorCodec.java:167)\n\tat org.openqa.selenium.remote.codec.w3c.W3CHttpResponseCodec.decode(W3CHttpResponseCodec.java:138)\n\tat org.openqa.selenium.remote.codec.w3c.W3CHttpResponseCodec.decode(W3CHttpResponseCodec.java:50)\n\tat org.openqa.selenium.remote.HttpCommandExecutor.execute(HttpCommandExecutor.java:215)\n\tat org.openqa.selenium.remote.service.DriverCommandExecutor.invokeExecute(DriverCommandExecutor.java:216)\n\tat org.openqa.selenium.remote.service.DriverCommandExecutor.execute(DriverCommandExecutor.java:174)\n\tat org.openqa.selenium.remote.RemoteWebDriver.execute(RemoteWebDriver.java:544)\n\tat org.openqa.selenium.remote.ElementLocation$ElementFinder$2.findElement(ElementLocation.java:165)\n\tat org.openqa.selenium.remote.ElementLocation.findElement(ElementLocation.java:59)\n\tat org.openqa.selenium.remote.RemoteWebDriver.findElement(RemoteWebDriver.java:367)\n\tat org.openqa.selenium.remote.RemoteWebDriver.findElement(RemoteWebDriver.java:361)\n\tat com.codeborne.selenide.impl.WebElementSelector.findElement(WebElementSelector.java:67)\n\tat com.codeborne.selenide.impl.WebElementSelector.findElement(WebElementSelector.java:38)\n\tat com.codeborne.selenide.impl.WebElementSelector.findElement(WebElementSelector.java:29)\n\tat com.codeborne.selenide.impl.ElementFinder.getWebElement(ElementFinder.java:113)\n\tat com.codeborne.selenide.impl.WebElementSource.checkConditionAndReturnElement(WebElementSource.java:112)\n\t... 35 more\n","flaky":false,"newFailed":false,"newBroken":false,"newPassed":false,"retriesCount":0,"retriesStatusChange":false,"beforeStages":[],"afterStages":[],"labels":[{"name":"package","value":"tests.api.KaitenApiTest"},{"name":"testClass","value":"tests.api.KaitenApiTest"},{"name":"testMethod","value":"checkCreatingBoard"},{"name":"parentSuite","value":"KaitenQA Regression Test"},{"name":"suite","value":"API Tests"},{"name":"subSuite","value":"tests.api.KaitenApiTest"},{"name":"host","value":"pkrvmq0rgcvqdmg"},{"name":"thread","value":"2566@pkrvmq0rgcvqdmg.main(1)"},{"name":"framework","value":"testng"},{"name":"language","value":"java"},{"name":"resultFormat","value":"allure2"}],"parameters":[],"links":[],"hidden":false,"retry":false,"extra":{"severity":"normal","retries":[],"categories":[],"history":{"statistic":{"failed":4,"broken":0,"skipped":3,"passed":13,"unknown":0,"total":20},"items":[{"uid":"aec93cdb6c012de5","reportUrl":"https://Aloshya-QA.github.io/KaitenQA/31//#testresult/aec93cdb6c012de5","status":"skipped","statusDetails":"1 expectation failed.\nExpected status code <200> but was <500>.\n","time":{"start":1753087752518,"stop":1753087752519,"duration":1}},{"uid":"fabc37a026687ba6","reportUrl":"https://Aloshya-QA.github.io/KaitenQA/30//#testresult/fabc37a026687ba6","status":"passed","time":{"start":1753085245197,"stop":1753085246720,"duration":1523}},{"uid":"a2f252123c6d1208","reportUrl":"https://Aloshya-QA.github.io/KaitenQA/30//#testresult/a2f252123c6d1208","status":"passed","time":{"start":1753083716992,"stop":1753083719027,"duration":2035}},{"uid":"4aa109fe294e77ee","reportUrl":"https://Aloshya-QA.github.io/KaitenQA/29//#testresult/4aa109fe294e77ee","status":"passed","time":{"start":1753082426203,"stop":1753082427658,"duration":1455}},{"uid":"b607f7524c163a0","reportUrl":"https://Aloshya-QA.github.io/KaitenQA/28//#testresult/b607f7524c163a0","status":"passed","time":{"start":1753077966796,"stop":1753077967847,"duration":1051}},{"uid":"65280d7d8a4fa23d","reportUrl":"https://Aloshya-QA.github.io/KaitenQA/28//#testresult/65280d7d8a4fa23d","status":"passed","time":{"start":1753077103293,"stop":1753077104395,"duration":1102}},{"uid":"684096044d189e22","reportUrl":"https://Aloshya-QA.github.io/KaitenQA/28//#testresult/684096044d189e22","status":"passed","time":{"start":1753076080908,"stop":1753076081960,"duration":1052}},{"uid":"a473f4c3dca50c84","reportUrl":"https://Aloshya-QA.github.io/KaitenQA/28//#testresult/a473f4c3dca50c84","status":"passed","time":{"start":1753048936641,"stop":1753048938083,"duration":1442}},{"uid":"7a979ed836678809","reportUrl":"https://Aloshya-QA.github.io/KaitenQA/28//#testresult/7a979ed836678809","status":"passed","time":{"start":1753048255361,"stop":1753048256751,"duration":1390}},{"uid":"2ec66b13fffd96fb","reportUrl":"https://Aloshya-QA.github.io/KaitenQA/27//#testresult/2ec66b13fffd96fb","status":"passed","time":{"start":1753048186339,"stop":1753048187429,"duration":1090}},{"uid":"3e919a0f23489f06","reportUrl":"https://Aloshya-QA.github.io/KaitenQA/26//#testresult/3e919a0f23489f06","status":"passed","time":{"start":1753047126963,"stop":1753047128452,"duration":1489}},{"uid":"399201ee781ddc08","reportUrl":"https://Aloshya-QA.github.io/KaitenQA/25//#testresult/399201ee781ddc08","status":"failed","statusDetails":"1 expectation failed.\nExpected status code <200> but was <401>.\n","time":{"start":1753033584827,"stop":1753033585289,"duration":462}},{"uid":"39fca926e450c692","reportUrl":"https://Aloshya-QA.github.io/KaitenQA/24//#testresult/39fca926e450c692","status":"failed","statusDetails":"1 expectation failed.\nExpected status code <200> but was <401>.\n","time":{"start":1753033460854,"stop":1753033461310,"duration":456}},{"uid":"68066893848e75fc","reportUrl":"https://Aloshya-QA.github.io/KaitenQA/23//#testresult/68066893848e75fc","status":"failed","statusDetails":"1 expectation failed.\nExpected status code <200> but was <401>.\n","time":{"start":1753032679433,"stop":1753032679896,"duration":463}},{"uid":"e16892a28a6b14f1","reportUrl":"https://Aloshya-QA.github.io/KaitenQA/22//#testresult/e16892a28a6b14f1","status":"failed","statusDetails":"1 expectation failed.\nExpected status code <200> but was <401>.\n","time":{"start":1753030400200,"stop":1753030400780,"duration":580}},{"uid":"7f4d52aeff134800","reportUrl":"https://Aloshya-QA.github.io/KaitenQA/21//#testresult/7f4d52aeff134800","status":"skipped","statusDetails":"No webdriver is bound to current thread: 1. You need to call open(url) first.","time":{"start":1752862109130,"stop":1752862109130,"duration":0}},{"uid":"48e83f312bf355eb","reportUrl":"https://Aloshya-QA.github.io/KaitenQA/20//#testresult/48e83f312bf355eb","status":"passed","time":{"start":1752682100250,"stop":1752682102085,"duration":1835}},{"uid":"750143be7d6b0d54","reportUrl":"https://Aloshya-QA.github.io/KaitenQA/19//#testresult/750143be7d6b0d54","status":"passed","time":{"start":1752682055665,"stop":1752682057235,"duration":1570}},{"uid":"5b9aeba6a0618422","reportUrl":"https://Aloshya-QA.github.io/KaitenQA/18//#testresult/5b9aeba6a0618422","status":"passed","time":{"start":1752442298628,"stop":1752442300430,"duration":1802}}]},"tags":[]},"source":"bd698159ad288b58.json","parameterValues":[]}