{"uid":"c23618d9ee7c1da4","name":"checkAddCardChecklist","fullName":"tests.api.KaitenApiTest.checkAddCardChecklist","historyId":"c769a45fe6227a96589cbb39bba941d1","time":{"start":1753088208806,"stop":1753088208807,"duration":1},"status":"skipped","statusMessage":"Element not found {by text: Открыт полный доступ на 14 дней \uD83E\uDD29}\nExpected: visible\nScreenshot: file:/home/runner/work/KaitenQA/KaitenQA/build/reports/tests/1753088207967.0.png\nPage source: file:/home/runner/work/KaitenQA/KaitenQA/build/reports/tests/1753088207967.0.html\nTimeout: 10 s.\nCaused by: NoSuchElementException: no such element: Unable to locate element: {\"method\":\"xpath\",\"selector\":\".//*/text()[normalize-space(translate(string(.), '","statusTrace":"Element not found {by text: Открыт полный доступ на 14 дней \uD83E\uDD29}\nExpected: visible\nScreenshot: file:/home/runner/work/KaitenQA/KaitenQA/build/reports/tests/1753088207967.0.png\nPage source: file:/home/runner/work/KaitenQA/KaitenQA/build/reports/tests/1753088207967.0.html\nTimeout: 10 s.\nCaused by: NoSuchElementException: no such element: Unable to locate element: {\"method\":\"xpath\",\"selector\":\".//*/text()[normalize-space(translate(string(.), '\n\tat com.codeborne.selenide.impl.WebElementSource.createElementNotFoundError(WebElementSource.java:89)\n\tat com.codeborne.selenide.impl.ElementFinder.createElementNotFoundError(ElementFinder.java:129)\n\tat com.codeborne.selenide.impl.WebElementSource.handleError(WebElementSource.java:140)\n\tat com.codeborne.selenide.impl.WebElementSource.checkConditionAndReturnElement(WebElementSource.java:123)\n\tat com.codeborne.selenide.impl.WebElementSource.checkCondition(WebElementSource.java:99)\n\tat com.codeborne.selenide.commands.Should.execute(Should.java:24)\n\tat com.codeborne.selenide.FluentCommand.execute(FluentCommand.java:27)\n\tat com.codeborne.selenide.FluentCommand.execute(FluentCommand.java:19)\n\tat com.codeborne.selenide.commands.Commands.execute(Commands.java:160)\n\tat com.codeborne.selenide.impl.SelenideElementProxy.dispatchAndRetry(SelenideElementProxy.java:131)\n\tat com.codeborne.selenide.impl.SelenideElementProxy.invoke(SelenideElementProxy.java:83)\n\tat jdk.proxy2/jdk.proxy2.$Proxy36.shouldBe(Unknown Source)\n\tat pages.RegistrationPage.activateCompanySuccessful(RegistrationPage.java:107)\n\tat initialization.InitKaiten.registerAndActivate(InitKaiten.java:42)\n\tat initialization.Init.startInit(Init.java:36)\n\tat tests.api.BaseApiTest.loadVariables(BaseApiTest.java:28)\n\tat java.base/jdk.internal.reflect.NativeMethodAccessorImpl.invoke0(Native Method)\n\tat java.base/jdk.internal.reflect.NativeMethodAccessorImpl.invoke(NativeMethodAccessorImpl.java:77)\n\tat java.base/jdk.internal.reflect.DelegatingMethodAccessorImpl.invoke(DelegatingMethodAccessorImpl.java:43)\n\tat java.base/java.lang.reflect.Method.invoke(Method.java:569)\n\tat org.testng.internal.invokers.MethodInvocationHelper.invokeMethod(MethodInvocationHelper.java:141)\n\tat org.testng.internal.invokers.MethodInvocationHelper.invokeMethodConsideringTimeout(MethodInvocationHelper.java:71)\n\tat org.testng.internal.invokers.ConfigInvoker.invokeConfigurationMethod(ConfigInvoker.java:400)\n\tat org.testng.internal.invokers.ConfigInvoker.invokeConfigurations(ConfigInvoker.java:333)\n\tat org.testng.SuiteRunner.privateRun(SuiteRunner.java:358)\n\tat org.testng.SuiteRunner.run(SuiteRunner.java:312)\n\tat org.testng.SuiteRunnerWorker.runSuite(SuiteRunnerWorker.java:52)\n\tat org.testng.SuiteRunnerWorker.run(SuiteRunnerWorker.java:95)\n\tat org.testng.TestNG.runSuitesSequentially(TestNG.java:1274)\n\tat org.testng.TestNG.runSuitesLocally(TestNG.java:1208)\n\tat org.testng.TestNG.runSuites(TestNG.java:1112)\n\tat org.testng.TestNG.run(TestNG.java:1079)\n\tat org.apache.maven.surefire.testng.TestNGExecutor.run(TestNGExecutor.java:308)\n\tat org.apache.maven.surefire.testng.TestNGXmlTestSuite.execute(TestNGXmlTestSuite.java:71)\n\tat org.apache.maven.surefire.testng.TestNGProvider.invoke(TestNGProvider.java:113)\n\tat org.apache.maven.surefire.booter.ForkedBooter.runSuitesInProcess(ForkedBooter.java:385)\n\tat org.apache.maven.surefire.booter.ForkedBooter.execute(ForkedBooter.java:162)\n\tat org.apache.maven.surefire.booter.ForkedBooter.run(ForkedBooter.java:507)\n\tat org.apache.maven.surefire.booter.ForkedBooter.main(ForkedBooter.java:495)\nCaused by: org.openqa.selenium.NoSuchElementException: no such element: Unable to locate element: {\"method\":\"xpath\",\"selector\":\".//*/text()[normalize-space(translate(string(.), '\t\n\r             ​‌‍  ⁠　', '                       ')) = \"Открыт полный доступ на 14 дней \uD83E\uDD29\"]/parent::*\"}\n  (Session info: chrome=138.0.7204.100)\nFor documentation on this error, please visit: https://www.selenium.dev/documentation/webdriver/troubleshooting/errors#no-such-element-exception\nBuild info: version: '4.33.0', revision: '2c6aaad03a'\nSystem info: os.name: 'Linux', os.arch: 'amd64', os.version: '6.11.0-1018-azure', java.version: '17.0.16'\nDriver info: org.openqa.selenium.chrome.ChromeDriver\nCommand: [f7e9a8fa87dd2153a0fbdfd3cb4db0c4, findElement {using=xpath, value=.//*/text()[normalize-space(translate(string(.), '\t\n\r             ​‌‍  ⁠　', '                       ')) = \"Открыт полный доступ на 14 дней \uD83E\uDD29\"]/parent::*}]\nCapabilities {acceptInsecureCerts: true, browserName: chrome, browserVersion: 138.0.7204.100, chrome: {chromedriverVersion: 138.0.7204.94 (545025748884..., userDataDir: /tmp/.org.chromium.Chromium...}, fedcm:accounts: true, goog:chromeOptions: {debuggerAddress: localhost:36377}, networkConnectionEnabled: false, pageLoadStrategy: normal, platformName: linux, proxy: Proxy(), se:cdp: ws://localhost:36377/devtoo..., se:cdpVersion: 138.0.7204.100, setWindowRect: true, strictFileInteractability: false, timeouts: {implicit: 0, pageLoad: 300000, script: 30000}, unhandledPromptBehavior: accept, webauthn:extension:credBlob: true, webauthn:extension:largeBlob: true, webauthn:extension:minPinLength: true, webauthn:extension:prf: true, webauthn:virtualAuthenticators: true}\nSession ID: f7e9a8fa87dd2153a0fbdfd3cb4db0c4\n\tat jdk.internal.reflect.GeneratedConstructorAccessor30.newInstance(Unknown Source)\n\tat java.base/jdk.internal.reflect.DelegatingConstructorAccessorImpl.newInstance(DelegatingConstructorAccessorImpl.java:45)\n\tat java.base/java.lang.reflect.Constructor.newInstanceWithCaller(Constructor.java:500)\n\tat java.base/java.lang.reflect.Constructor.newInstance(Constructor.java:481)\n\tat org.openqa.selenium.remote.ErrorCodec.decode(ErrorCodec.java:167)\n\tat org.openqa.selenium.remote.codec.w3c.W3CHttpResponseCodec.decode(W3CHttpResponseCodec.java:138)\n\tat org.openqa.selenium.remote.codec.w3c.W3CHttpResponseCodec.decode(W3CHttpResponseCodec.java:50)\n\tat org.openqa.selenium.remote.HttpCommandExecutor.execute(HttpCommandExecutor.java:215)\n\tat org.openqa.selenium.remote.service.DriverCommandExecutor.invokeExecute(DriverCommandExecutor.java:216)\n\tat org.openqa.selenium.remote.service.DriverCommandExecutor.execute(DriverCommandExecutor.java:174)\n\tat org.openqa.selenium.remote.RemoteWebDriver.execute(RemoteWebDriver.java:544)\n\tat org.openqa.selenium.remote.ElementLocation$ElementFinder$2.findElement(ElementLocation.java:165)\n\tat org.openqa.selenium.remote.ElementLocation.findElement(ElementLocation.java:59)\n\tat org.openqa.selenium.remote.RemoteWebDriver.findElement(RemoteWebDriver.java:367)\n\tat org.openqa.selenium.remote.RemoteWebDriver.findElement(RemoteWebDriver.java:361)\n\tat com.codeborne.selenide.impl.WebElementSelector.findElement(WebElementSelector.java:67)\n\tat com.codeborne.selenide.impl.WebElementSelector.findElement(WebElementSelector.java:38)\n\tat com.codeborne.selenide.impl.WebElementSelector.findElement(WebElementSelector.java:29)\n\tat com.codeborne.selenide.impl.ElementFinder.getWebElement(ElementFinder.java:113)\n\tat com.codeborne.selenide.impl.WebElementSource.checkConditionAndReturnElement(WebElementSource.java:112)\n\t... 35 more\n","flaky":false,"newFailed":false,"newBroken":false,"newPassed":false,"retriesCount":0,"retriesStatusChange":false,"beforeStages":[],"afterStages":[],"labels":[{"name":"package","value":"tests.api.KaitenApiTest"},{"name":"testClass","value":"tests.api.KaitenApiTest"},{"name":"testMethod","value":"checkAddCardChecklist"},{"name":"parentSuite","value":"KaitenQA Regression Test"},{"name":"suite","value":"API Tests"},{"name":"subSuite","value":"tests.api.KaitenApiTest"},{"name":"host","value":"pkrvmq0rgcvqdmg"},{"name":"thread","value":"2566@pkrvmq0rgcvqdmg.main(1)"},{"name":"framework","value":"testng"},{"name":"language","value":"java"},{"name":"resultFormat","value":"allure2"}],"parameters":[],"links":[],"hidden":false,"retry":false,"extra":{"severity":"normal","retries":[],"categories":[],"history":{"statistic":{"failed":4,"broken":0,"skipped":3,"passed":13,"unknown":0,"total":20},"items":[{"uid":"931c1b576b240409","reportUrl":"https://Aloshya-QA.github.io/KaitenQA/31//#testresult/931c1b576b240409","status":"skipped","statusDetails":"1 expectation failed.\nExpected status code <200> but was <500>.\n","time":{"start":1753087752501,"stop":1753087752501,"duration":0}},{"uid":"dfbbb001fc20f2a4","reportUrl":"https://Aloshya-QA.github.io/KaitenQA/30//#testresult/dfbbb001fc20f2a4","status":"passed","time":{"start":1753085237600,"stop":1753085239857,"duration":2257}},{"uid":"8e66998845e3775f","reportUrl":"https://Aloshya-QA.github.io/KaitenQA/30//#testresult/8e66998845e3775f","status":"passed","time":{"start":1753083710452,"stop":1753083712951,"duration":2499}},{"uid":"9317a3f03de65ff2","reportUrl":"https://Aloshya-QA.github.io/KaitenQA/29//#testresult/9317a3f03de65ff2","status":"passed","time":{"start":1753082418991,"stop":1753082421939,"duration":2948}},{"uid":"bd10e61f91cd9589","reportUrl":"https://Aloshya-QA.github.io/KaitenQA/28//#testresult/bd10e61f91cd9589","status":"passed","time":{"start":1753077975948,"stop":1753077978589,"duration":2641}},{"uid":"dc3fa2822dfda1a6","reportUrl":"https://Aloshya-QA.github.io/KaitenQA/28//#testresult/dc3fa2822dfda1a6","status":"passed","time":{"start":1753077108822,"stop":1753077110558,"duration":1736}},{"uid":"4cc50e2d23f8e7c4","reportUrl":"https://Aloshya-QA.github.io/KaitenQA/28//#testresult/4cc50e2d23f8e7c4","status":"passed","time":{"start":1753076087207,"stop":1753076088582,"duration":1375}},{"uid":"148cf121e042ca17","reportUrl":"https://Aloshya-QA.github.io/KaitenQA/28//#testresult/148cf121e042ca17","status":"passed","time":{"start":1753048945336,"stop":1753048947668,"duration":2332}},{"uid":"10887b290bf1dfe","reportUrl":"https://Aloshya-QA.github.io/KaitenQA/28//#testresult/10887b290bf1dfe","status":"passed","time":{"start":1753048262901,"stop":1753048265033,"duration":2132}},{"uid":"3258281f925fca91","reportUrl":"https://Aloshya-QA.github.io/KaitenQA/27//#testresult/3258281f925fca91","status":"passed","time":{"start":1753048192166,"stop":1753048193864,"duration":1698}},{"uid":"3c8a64e79ccee0c0","reportUrl":"https://Aloshya-QA.github.io/KaitenQA/26//#testresult/3c8a64e79ccee0c0","status":"passed","time":{"start":1753047140375,"stop":1753047142562,"duration":2187}},{"uid":"f763bee88124e8b","reportUrl":"https://Aloshya-QA.github.io/KaitenQA/25//#testresult/f763bee88124e8b","status":"failed","statusDetails":"1 expectation failed.\nExpected status code <200> but was <401>.\n","time":{"start":1753033588541,"stop":1753033589156,"duration":615}},{"uid":"cb0dd0ddeddac4ff","reportUrl":"https://Aloshya-QA.github.io/KaitenQA/24//#testresult/cb0dd0ddeddac4ff","status":"failed","statusDetails":"1 expectation failed.\nExpected status code <200> but was <401>.\n","time":{"start":1753033464517,"stop":1753033464979,"duration":462}},{"uid":"4660cc2a91845a47","reportUrl":"https://Aloshya-QA.github.io/KaitenQA/23//#testresult/4660cc2a91845a47","status":"failed","statusDetails":"1 expectation failed.\nExpected status code <200> but was <401>.\n","time":{"start":1753032683098,"stop":1753032683565,"duration":467}},{"uid":"9a5b5044cabec85b","reportUrl":"https://Aloshya-QA.github.io/KaitenQA/22//#testresult/9a5b5044cabec85b","status":"failed","statusDetails":"1 expectation failed.\nExpected status code <200> but was <401>.\n","time":{"start":1753030396056,"stop":1753030397046,"duration":990}},{"uid":"c2c8d7cda4524a67","reportUrl":"https://Aloshya-QA.github.io/KaitenQA/21//#testresult/c2c8d7cda4524a67","status":"skipped","statusDetails":"No webdriver is bound to current thread: 1. You need to call open(url) first.","time":{"start":1752862109149,"stop":1752862109149,"duration":0}},{"uid":"c928e2879144dd45","reportUrl":"https://Aloshya-QA.github.io/KaitenQA/20//#testresult/c928e2879144dd45","status":"passed","time":{"start":1752682113941,"stop":1752682116301,"duration":2360}},{"uid":"dae6dfa5f0ca9871","reportUrl":"https://Aloshya-QA.github.io/KaitenQA/19//#testresult/dae6dfa5f0ca9871","status":"passed","time":{"start":1752682067516,"stop":1752682070423,"duration":2907}},{"uid":"65fe37e6951c1b9e","reportUrl":"https://Aloshya-QA.github.io/KaitenQA/18//#testresult/65fe37e6951c1b9e","status":"passed","time":{"start":1752442311582,"stop":1752442314032,"duration":2450}}]},"tags":[]},"source":"c23618d9ee7c1da4.json","parameterValues":[]}