{"uid":"397736e1d4705003","name":"checkSearchByCardName","fullName":"tests.ui.WorkspaceTest.checkSearchByCardName","historyId":"84826a65e55364aa483d388f61366e9d","time":{"start":1753297258996,"stop":1753297258996,"duration":0},"status":"skipped","statusMessage":"1 expectation failed.\nExpected status code <200> but was <502>.\n","statusTrace":"java.lang.AssertionError: 1 expectation failed.\nExpected status code <200> but was <502>.\n\n\tat java.base/jdk.internal.reflect.NativeConstructorAccessorImpl.newInstance0(Native Method)\n\tat java.base/jdk.internal.reflect.NativeConstructorAccessorImpl.newInstance(NativeConstructorAccessorImpl.java:77)\n\tat java.base/jdk.internal.reflect.DelegatingConstructorAccessorImpl.newInstance(DelegatingConstructorAccessorImpl.java:45)\n\tat java.base/java.lang.reflect.Constructor.newInstanceWithCaller(Constructor.java:500)\n\tat java.base/java.lang.reflect.Constructor.newInstance(Constructor.java:481)\n\tat org.codehaus.groovy.reflection.CachedConstructor.invoke(CachedConstructor.java:73)\n\tat org.codehaus.groovy.runtime.callsite.ConstructorSite$ConstructorSiteNoUnwrapNoCoerce.callConstructor(ConstructorSite.java:108)\n\tat org.codehaus.groovy.runtime.callsite.CallSiteArray.defaultCallConstructor(CallSiteArray.java:57)\n\tat org.codehaus.groovy.runtime.callsite.AbstractCallSite.callConstructor(AbstractCallSite.java:263)\n\tat org.codehaus.groovy.runtime.callsite.AbstractCallSite.callConstructor(AbstractCallSite.java:277)\n\tat io.restassured.internal.ResponseSpecificationImpl$HamcrestAssertionClosure.validate(ResponseSpecificationImpl.groovy:512)\n\tat io.restassured.internal.ResponseSpecificationImpl$HamcrestAssertionClosure$validate$1.call(Unknown Source)\n\tat io.restassured.internal.ResponseSpecificationImpl.validateResponseIfRequired(ResponseSpecificationImpl.groovy:696)\n\tat io.restassured.internal.ResponseSpecificationImpl.this$2$validateResponseIfRequired(ResponseSpecificationImpl.groovy)\n\tat jdk.internal.reflect.GeneratedMethodAccessor113.invoke(Unknown Source)\n\tat java.base/jdk.internal.reflect.DelegatingMethodAccessorImpl.invoke(DelegatingMethodAccessorImpl.java:43)\n\tat java.base/java.lang.reflect.Method.invoke(Method.java:569)\n\tat org.codehaus.groovy.runtime.callsite.PlainObjectMetaMethodSite.doInvoke(PlainObjectMetaMethodSite.java:43)\n\tat org.codehaus.groovy.runtime.callsite.PogoMetaMethodSite$PogoCachedMethodSiteNoUnwrapNoCoerce.invoke(PogoMetaMethodSite.java:198)\n\tat org.codehaus.groovy.runtime.callsite.PogoMetaMethodSite.callCurrent(PogoMetaMethodSite.java:62)\n\tat org.codehaus.groovy.runtime.callsite.AbstractCallSite.callCurrent(AbstractCallSite.java:185)\n\tat io.restassured.internal.ResponseSpecificationImpl.statusCode(ResponseSpecificationImpl.groovy:135)\n\tat io.restassured.specification.ResponseSpecification$statusCode$0.callCurrent(Unknown Source)\n\tat io.restassured.internal.ResponseSpecificationImpl.statusCode(ResponseSpecificationImpl.groovy:143)\n\tat io.restassured.internal.ValidatableResponseOptionsImpl.statusCode(ValidatableResponseOptionsImpl.java:89)\n\tat api.kaiten.client.CardClient.updateCard(CardClient.java:84)\n\tat api.kaiten.KaitenService.addCardDescriptionAndAsap(KaitenService.java:100)\n\tat initialization.InitWorkspace.updateCards(InitWorkspace.java:153)\n\tat initialization.InitWorkspace.creatingCards(InitWorkspace.java:84)\n\tat initialization.Init.startInit(Init.java:54)\n\tat tests.api.BaseApiTest.loadVariables(BaseApiTest.java:28)\n\tat java.base/jdk.internal.reflect.NativeMethodAccessorImpl.invoke0(Native Method)\n\tat java.base/jdk.internal.reflect.NativeMethodAccessorImpl.invoke(NativeMethodAccessorImpl.java:77)\n\tat java.base/jdk.internal.reflect.DelegatingMethodAccessorImpl.invoke(DelegatingMethodAccessorImpl.java:43)\n\tat java.base/java.lang.reflect.Method.invoke(Method.java:569)\n\tat org.testng.internal.invokers.MethodInvocationHelper.invokeMethod(MethodInvocationHelper.java:141)\n\tat org.testng.internal.invokers.MethodInvocationHelper.invokeMethodConsideringTimeout(MethodInvocationHelper.java:71)\n\tat org.testng.internal.invokers.ConfigInvoker.invokeConfigurationMethod(ConfigInvoker.java:400)\n\tat org.testng.internal.invokers.ConfigInvoker.invokeConfigurations(ConfigInvoker.java:333)\n\tat org.testng.SuiteRunner.privateRun(SuiteRunner.java:358)\n\tat org.testng.SuiteRunner.run(SuiteRunner.java:312)\n\tat org.testng.SuiteRunnerWorker.runSuite(SuiteRunnerWorker.java:52)\n\tat org.testng.SuiteRunnerWorker.run(SuiteRunnerWorker.java:95)\n\tat org.testng.TestNG.runSuitesSequentially(TestNG.java:1274)\n\tat org.testng.TestNG.runSuitesLocally(TestNG.java:1208)\n\tat org.testng.TestNG.runSuites(TestNG.java:1112)\n\tat org.testng.TestNG.run(TestNG.java:1079)\n\tat org.apache.maven.surefire.testng.TestNGExecutor.run(TestNGExecutor.java:308)\n\tat org.apache.maven.surefire.testng.TestNGXmlTestSuite.execute(TestNGXmlTestSuite.java:71)\n\tat org.apache.maven.surefire.testng.TestNGProvider.invoke(TestNGProvider.java:113)\n\tat org.apache.maven.surefire.booter.ForkedBooter.runSuitesInProcess(ForkedBooter.java:385)\n\tat org.apache.maven.surefire.booter.ForkedBooter.execute(ForkedBooter.java:162)\n\tat org.apache.maven.surefire.booter.ForkedBooter.run(ForkedBooter.java:507)\n\tat org.apache.maven.surefire.booter.ForkedBooter.main(ForkedBooter.java:495)\n","flaky":false,"newFailed":false,"newBroken":false,"newPassed":false,"retriesCount":0,"retriesStatusChange":false,"beforeStages":[{"name":"setup","time":{"start":1753297258994,"stop":1753297258995,"duration":1},"description":"","status":"passed","steps":[],"attachments":[],"parameters":[],"shouldDisplayMessage":false,"stepsCount":0,"attachmentsCount":0,"hasContent":false,"attachmentStep":false}],"afterStages":[{"name":"TearDawn","time":{"start":1753297258997,"stop":1753297258998,"duration":1},"description":"","status":"passed","steps":[],"attachments":[],"parameters":[],"shouldDisplayMessage":false,"stepsCount":0,"attachmentsCount":0,"hasContent":false,"attachmentStep":false}],"labels":[{"name":"package","value":"tests.ui.WorkspaceTest"},{"name":"testClass","value":"tests.ui.WorkspaceTest"},{"name":"testMethod","value":"checkSearchByCardName"},{"name":"parentSuite","value":"KaitenQA Regression Test"},{"name":"suite","value":"Chrome UI Tests"},{"name":"subSuite","value":"tests.ui.WorkspaceTest"},{"name":"host","value":"pkrvmq0rgcvqdmg"},{"name":"thread","value":"2570@pkrvmq0rgcvqdmg.main(1)"},{"name":"framework","value":"testng"},{"name":"language","value":"java"},{"name":"resultFormat","value":"allure2"}],"parameters":[{"name":"browser","value":"chrome"}],"links":[],"hidden":false,"retry":false,"extra":{"severity":"normal","retries":[],"categories":[],"history":{"statistic":{"failed":8,"broken":1,"skipped":4,"passed":6,"unknown":0,"total":19},"items":[{"uid":"a02c3bebf49046ac","reportUrl":"https://Aloshya-QA.github.io/KaitenQA/37//#testresult/a02c3bebf49046ac","status":"passed","time":{"start":1753296305954,"stop":1753296316722,"duration":10768}},{"uid":"6185c3fe64482877","reportUrl":"https://Aloshya-QA.github.io/KaitenQA/38//#testresult/6185c3fe64482877","status":"skipped","statusDetails":"Message with subject 'Активация компании' was not found after 10 attempts","time":{"start":1753296231080,"stop":1753296231081,"duration":1}},{"uid":"af391dc6dd3ebd3d","reportUrl":"https://Aloshya-QA.github.io/KaitenQA/36//#testresult/af391dc6dd3ebd3d","status":"passed","time":{"start":1753295828037,"stop":1753295838497,"duration":10460}},{"uid":"112df9fe69d0dabd","reportUrl":"https://Aloshya-QA.github.io/KaitenQA/35//#testresult/112df9fe69d0dabd","status":"failed","statusDetails":"Element not found {circle}\nExpected: visible\nScreenshot: file:/home/runner/work/KaitenQA/KaitenQA/build/reports/tests/1753295255922.2.png\nPage source: file:/home/runner/work/KaitenQA/KaitenQA/build/reports/tests/1753295255922.2.html\nTimeout: 10 s.\nCaused by: NoSuchElementException: no such element: Unable to locate element: {\"method\":\"tag name\",\"selector\":\"circle\"}","time":{"start":1753295235157,"stop":1753295256295,"duration":21138}},{"uid":"b2a08b38e051af5f","reportUrl":"https://Aloshya-QA.github.io/KaitenQA/34//#testresult/b2a08b38e051af5f","status":"failed","statusDetails":"\nMultiple Failures (1 failure)\n-- failure 1 --\nexpected: 2\n but was: 0\nat WorkspaceTest.checkSearchByCardName(WorkspaceTest.java:62)","time":{"start":1753294569835,"stop":1753294580426,"duration":10591}},{"uid":"f4ea079ea8641f51","reportUrl":"https://Aloshya-QA.github.io/KaitenQA/33//#testresult/f4ea079ea8641f51","status":"passed","time":{"start":1753091055739,"stop":1753091065275,"duration":9536}},{"uid":"d99733d5633948f0","reportUrl":"https://Aloshya-QA.github.io/KaitenQA/32//#testresult/d99733d5633948f0","status":"skipped","statusDetails":"Element not found {by text: Открыт полный доступ на 14 дней \uD83E\uDD29}\nExpected: visible\nScreenshot: file:/home/runner/work/KaitenQA/KaitenQA/build/reports/tests/1753088207967.0.png\nPage source: file:/home/runner/work/KaitenQA/KaitenQA/build/reports/tests/1753088207967.0.html\nTimeout: 10 s.\nCaused by: NoSuchElementException: no such element: Unable to locate element: {\"method\":\"xpath\",\"selector\":\".//*/text()[normalize-space(translate(string(.), '","time":{"start":1753088208734,"stop":1753088208734,"duration":0}},{"uid":"dad6d2890c797c43","reportUrl":"https://Aloshya-QA.github.io/KaitenQA/31//#testresult/dad6d2890c797c43","status":"skipped","statusDetails":"1 expectation failed.\nExpected status code <200> but was <500>.\n","time":{"start":1753087752451,"stop":1753087752451,"duration":0}},{"uid":"be2c1f02a8af1e9b","reportUrl":"https://Aloshya-QA.github.io/KaitenQA/30//#testresult/be2c1f02a8af1e9b","status":"failed","statusDetails":"\nMultiple Failures (1 failure)\n-- failure 1 --\nexpected: 2\n but was: 0\nat WorkspaceTest.checkSearchByCardName(WorkspaceTest.java:59)","time":{"start":1753085209331,"stop":1753085222934,"duration":13603}},{"uid":"caebbfee1cc93c7e","reportUrl":"https://Aloshya-QA.github.io/KaitenQA/30//#testresult/caebbfee1cc93c7e","status":"passed","time":{"start":1753083679040,"stop":1753083693031,"duration":13991}},{"uid":"f9f2cb74c28e7adc","reportUrl":"https://Aloshya-QA.github.io/KaitenQA/29//#testresult/f9f2cb74c28e7adc","status":"failed","statusDetails":"Element not found {circle}\nExpected: visible\nScreenshot: file:/home/runner/work/KaitenQA/KaitenQA/build/reports/tests/1753082400726.2.png\nPage source: file:/home/runner/work/KaitenQA/KaitenQA/build/reports/tests/1753082400726.2.html\nTimeout: 10 s.\nCaused by: NoSuchElementException: no such element: Unable to locate element: {\"method\":\"tag name\",\"selector\":\"circle\"}","time":{"start":1753082377475,"stop":1753082401092,"duration":23617}},{"uid":"ae5f0e5ae10ddaa1","reportUrl":"https://Aloshya-QA.github.io/KaitenQA/28//#testresult/ae5f0e5ae10ddaa1","status":"failed","statusDetails":"\nMultiple Failures (1 failure)\n-- failure 1 --\nexpected: 2\n but was: 0\nat WorkspaceTest.checkSearchByCardName(WorkspaceTest.java:62)","time":{"start":1753077861280,"stop":1753077871418,"duration":10138}},{"uid":"6542f66bd7a14230","reportUrl":"https://Aloshya-QA.github.io/KaitenQA/28//#testresult/6542f66bd7a14230","status":"failed","statusDetails":"\nMultiple Failures (1 failure)\n-- failure 1 --\nexpected: 2\n but was: 0\nat WorkspaceTest.checkSearchByCardName(WorkspaceTest.java:62)","time":{"start":1753076996496,"stop":1753077011088,"duration":14592}},{"uid":"92eeae7c161a2b79","reportUrl":"https://Aloshya-QA.github.io/KaitenQA/28//#testresult/92eeae7c161a2b79","status":"passed","time":{"start":1753075985420,"stop":1753075994879,"duration":9459}},{"uid":"959ae4c13b3a8d5c","reportUrl":"https://Aloshya-QA.github.io/KaitenQA/28//#testresult/959ae4c13b3a8d5c","status":"broken","statusDetails":"invalid selector: Unable to locate an element with the xpath expression //li[text()='Schmidt-O'Hara'] because of the following error:\nSyntaxError: Failed to execute 'evaluate' on 'Document': The string '//li[text()='Schmidt-O'Hara']' is not a valid XPath expression.\n  (Session info: chrome=138.0.7204.100)\nFor documentation on this error, please visit: https://www.selenium.dev/documentation/webdriver/troubleshooting/errors#invalid-selector-exception\nBuild info: version: '4.33.0', revision: '2c6aaad03a'\nSystem info: os.name: 'Linux', os.arch: 'amd64', os.version: '6.11.0-1018-azure', java.version: '17.0.16'\nDriver info: org.openqa.selenium.chrome.ChromeDriver\nCommand: [2cd69accf99339976c3558a118d74f2a, findElement {value=//li[text()='Schmidt-O'Hara'], using=xpath}]\nCapabilities {acceptInsecureCerts: true, browserName: chrome, browserVersion: 138.0.7204.100, chrome: {chromedriverVersion: 138.0.7204.94 (545025748884..., userDataDir: /tmp/.org.chromium.Chromium...}, fedcm:accounts: true, goog:chromeOptions: {debuggerAddress: localhost:35889}, networkConnectionEnabled: false, pageLoadStrategy: normal, platformName: linux, proxy: Proxy(), se:cdp: ws://localhost:35889/devtoo..., se:cdpVersion: 138.0.7204.100, setWindowRect: true, strictFileInteractability: false, timeouts: {implicit: 0, pageLoad: 300000, script: 30000}, unhandledPromptBehavior: accept, webauthn:extension:credBlob: true, webauthn:extension:largeBlob: true, webauthn:extension:minPinLength: true, webauthn:extension:prf: true, webauthn:virtualAuthenticators: true}\nSession ID: 2cd69accf99339976c3558a118d74f2a","time":{"start":1753048822897,"stop":1753048832472,"duration":9575}},{"uid":"f2fd5a9dc0b9cf7b","reportUrl":"https://Aloshya-QA.github.io/KaitenQA/28//#testresult/f2fd5a9dc0b9cf7b","status":"failed","statusDetails":"\nMultiple Failures (1 failure)\n-- failure 1 --\nexpected: 2\n but was: 0\nat WorkspaceTest.checkSearchByCardName(WorkspaceTest.java:62)","time":{"start":1753048152627,"stop":1753048163360,"duration":10733}},{"uid":"ee37de4c995f8c07","reportUrl":"https://Aloshya-QA.github.io/KaitenQA/27//#testresult/ee37de4c995f8c07","status":"failed","statusDetails":"\nMultiple Failures (1 failure)\n-- failure 1 --\nexpected: 2\n but was: 0\nat WorkspaceTest.checkSearchByCardName(WorkspaceTest.java:62)","time":{"start":1753048094743,"stop":1753048103749,"duration":9006}},{"uid":"f48d2968226ee688","reportUrl":"https://Aloshya-QA.github.io/KaitenQA/26//#testresult/f48d2968226ee688","status":"passed","time":{"start":1753047023530,"stop":1753047035013,"duration":11483}}]},"tags":[]},"source":"397736e1d4705003.json","parameterValues":["chrome"]}